<?xml version="1.0" encoding="UTF-8"?>
<testsuite name="StylistTest" tests="6" skipped="0" failures="0" errors="0" timestamp="2015-08-29T18:51:39" hostname="Drea" time="0.422">
  <properties/>
  <testcase name="getStylistName_returnsCorrectName" classname="StylistTest" time="0.031"/>
  <testcase name="find_findsCorrectId" classname="StylistTest" time="0.094"/>
  <testcase name="all_emptyAtFirst" classname="StylistTest" time="0.047"/>
  <testcase name="save_returnsTrueIfSaved" classname="StylistTest" time="0.094"/>
  <testcase name="delete_deletesStylistsFromDatabase" classname="StylistTest" time="0.125"/>
  <testcase name="equals_returnsTrueIfNamesAreSame" classname="StylistTest" time="0.031"/>
  <system-out><![CDATA[]]></system-out>
  <system-err><![CDATA[]]></system-err>
</testsuite>
